<?xml version="1.0" encoding="UTF-8"?>
<!-- Generated by org.testng.reporters.JUnitReportReporter -->
<testsuite hostname="Naresh-PC" name="example.NewTest" tests="1" failures="0" timestamp="24 Feb 2020 16:26:28 GMT" time="8.379" errors="0">
  <testcase name="testEasy" time="8.379" classname="example.NewTest"/>
</testsuite> <!-- example.NewTest -->
